<?xml version="1.0" encoding="UTF-8"?>
<testng-results skipped="0" failed="0" ignored="0" total="2" passed="2">
  <reporter-output>
  </reporter-output>
  <suite name="Free CRM Application Test Automation Suite" duration-ms="51552" started-at="2020-06-21T11:14:28Z" finished-at="2020-06-21T11:15:20Z">
    <groups>
    </groups>
    <test name="Fee CRM Test Cases" duration-ms="51552" started-at="2020-06-21T11:14:28Z" finished-at="2020-06-21T11:15:20Z">
      <class name="com.crm.qa.tests.ContactPageTest">
        <test-method status="PASS" signature="setUp()[pri:0, instance:com.crm.qa.tests.ContactPageTest@59e5ddf]" name="setUp" is-config="true" duration-ms="25355" started-at="2020-06-21T11:14:28Z" finished-at="2020-06-21T11:14:54Z">
          <reporter-output>
          </reporter-output>
        </test-method> <!-- setUp -->
        <test-method status="PASS" signature="verifyContactlable()[pri:1, instance:com.crm.qa.tests.ContactPageTest@59e5ddf]" name="verifyContactlable" duration-ms="1334" started-at="2020-06-21T11:14:54Z" finished-at="2020-06-21T11:14:55Z">
          <reporter-output>
          </reporter-output>
        </test-method> <!-- verifyContactlable -->
        <test-method status="PASS" signature="tearDown()[pri:0, instance:com.crm.qa.tests.ContactPageTest@59e5ddf]" name="tearDown" is-config="true" duration-ms="107" started-at="2020-06-21T11:14:55Z" finished-at="2020-06-21T11:14:55Z">
          <reporter-output>
          </reporter-output>
        </test-method> <!-- tearDown -->
        <test-method status="PASS" signature="setUp()[pri:0, instance:com.crm.qa.tests.ContactPageTest@59e5ddf]" name="setUp" is-config="true" duration-ms="22055" started-at="2020-06-21T11:14:55Z" finished-at="2020-06-21T11:15:17Z">
          <reporter-output>
          </reporter-output>
        </test-method> <!-- setUp -->
        <test-method status="PASS" signature="selectContactText()[pri:2, instance:com.crm.qa.tests.ContactPageTest@59e5ddf]" name="selectContactText" duration-ms="2594" started-at="2020-06-21T11:15:17Z" finished-at="2020-06-21T11:15:20Z">
          <reporter-output>
          </reporter-output>
        </test-method> <!-- selectContactText -->
        <test-method status="PASS" signature="tearDown()[pri:0, instance:com.crm.qa.tests.ContactPageTest@59e5ddf]" name="tearDown" is-config="true" duration-ms="62" started-at="2020-06-21T11:15:20Z" finished-at="2020-06-21T11:15:20Z">
          <reporter-output>
          </reporter-output>
        </test-method> <!-- tearDown -->
      </class> <!-- com.crm.qa.tests.ContactPageTest -->
    </test> <!-- Fee CRM Test Cases -->
  </suite> <!-- Free CRM Application Test Automation Suite -->
</testng-results>
